C:\USERS\KG\GIT\CPPSRC\ALLSOLUTIONS\DEBUG\STRINGUTILITIES.EXE
C:\USERS\KG\GIT\CPPSRC\ALLSOLUTIONS\DEBUG\STRINGUTILITIES.ILK
C:\USERS\KG\GIT\CPPSRC\ALLSOLUTIONS\DEBUG\STRINGUTILITIES.PDB
C:\Users\kg\git\CPPSRC\StringUtilities\Debug\cl.command.1.tlog
C:\Users\kg\git\CPPSRC\StringUtilities\Debug\CL.read.1.tlog
C:\Users\kg\git\CPPSRC\StringUtilities\Debug\CL.write.1.tlog
C:\Users\kg\git\CPPSRC\StringUtilities\Debug\link.5068.read.1.tlog
C:\Users\kg\git\CPPSRC\StringUtilities\Debug\link.5068.write.1.tlog
C:\Users\kg\git\CPPSRC\StringUtilities\Debug\link.5068-cvtres.read.1.tlog
C:\Users\kg\git\CPPSRC\StringUtilities\Debug\link.5068-cvtres.write.1.tlog
C:\Users\kg\git\CPPSRC\StringUtilities\Debug\link.command.1.tlog
C:\Users\kg\git\CPPSRC\StringUtilities\Debug\link.read.1.tlog
C:\Users\kg\git\CPPSRC\StringUtilities\Debug\link.write.1.tlog
C:\Users\kg\git\CPPSRC\StringUtilities\Debug\link-cvtres.read.1.tlog
C:\Users\kg\git\CPPSRC\StringUtilities\Debug\link-cvtres.write.1.tlog
C:\Users\kg\git\CPPSRC\StringUtilities\Debug\mt.command.1.tlog
C:\Users\kg\git\CPPSRC\StringUtilities\Debug\mt.read.1.tlog
C:\Users\kg\git\CPPSRC\StringUtilities\Debug\mt.write.1.tlog
C:\Users\kg\git\CPPSRC\StringUtilities\Debug\rc.command.1.tlog
C:\Users\kg\git\CPPSRC\StringUtilities\Debug\rc.read.1.tlog
C:\Users\kg\git\CPPSRC\StringUtilities\Debug\rc.write.1.tlog
C:\USERS\KG\GIT\CPPSRC\STRINGUTILITIES\DEBUG\STRINGUTILITIES.EXE.EMBED.MANIFEST
C:\USERS\KG\GIT\CPPSRC\STRINGUTILITIES\DEBUG\STRINGUTILITIES.EXE.EMBED.MANIFEST.RES
C:\USERS\KG\GIT\CPPSRC\STRINGUTILITIES\DEBUG\STRINGUTILITIES.EXE.INTERMEDIATE.MANIFEST
C:\USERS\KG\GIT\CPPSRC\STRINGUTILITIES\DEBUG\STRINGUTILITIES.OBJ
C:\Users\kg\git\CPPSRC\StringUtilities\Debug\StringUtilities.vcxprojResolveAssemblyReference.cache
C:\Users\kg\git\CPPSRC\StringUtilities\Debug\StringUtilities.write.1.tlog
C:\Users\kg\git\CPPSRC\StringUtilities\Debug\StringUtilities_manifest.rc
C:\Users\kg\git\CPPSRC\StringUtilities\Debug\vc100.idb
C:\USERS\KG\GIT\CPPSRC\STRINGUTILITIES\DEBUG\VC100.PDB
