C:\USERS\KG\GIT\CPPSRC\ALLSOLUTIONS\DEBUG\SORTINGSEARCHING.EXE
C:\USERS\KG\GIT\CPPSRC\ALLSOLUTIONS\DEBUG\SORTINGSEARCHING.ILK
C:\USERS\KG\GIT\CPPSRC\ALLSOLUTIONS\DEBUG\SORTINGSEARCHING.PDB
C:\Users\kg\git\CPPSRC\SortingSearching\Debug\cl.command.1.tlog
C:\Users\kg\git\CPPSRC\SortingSearching\Debug\CL.read.1.tlog
C:\Users\kg\git\CPPSRC\SortingSearching\Debug\CL.write.1.tlog
C:\USERS\KG\GIT\CPPSRC\SORTINGSEARCHING\DEBUG\HEAPSORT.OBJ
C:\Users\kg\git\CPPSRC\SortingSearching\Debug\link.1932.read.1.tlog
C:\Users\kg\git\CPPSRC\SortingSearching\Debug\link.1932.write.1.tlog
C:\Users\kg\git\CPPSRC\SortingSearching\Debug\link.1932-cvtres.read.1.tlog
C:\Users\kg\git\CPPSRC\SortingSearching\Debug\link.1932-cvtres.write.1.tlog
C:\Users\kg\git\CPPSRC\SortingSearching\Debug\link.command.1.tlog
C:\Users\kg\git\CPPSRC\SortingSearching\Debug\link.read.1.tlog
C:\Users\kg\git\CPPSRC\SortingSearching\Debug\link.write.1.tlog
C:\Users\kg\git\CPPSRC\SortingSearching\Debug\link-cvtres.read.1.tlog
C:\Users\kg\git\CPPSRC\SortingSearching\Debug\link-cvtres.write.1.tlog
C:\Users\kg\git\CPPSRC\SortingSearching\Debug\mt.command.1.tlog
C:\Users\kg\git\CPPSRC\SortingSearching\Debug\mt.read.1.tlog
C:\Users\kg\git\CPPSRC\SortingSearching\Debug\mt.write.1.tlog
C:\Users\kg\git\CPPSRC\SortingSearching\Debug\rc.command.1.tlog
C:\Users\kg\git\CPPSRC\SortingSearching\Debug\rc.read.1.tlog
C:\Users\kg\git\CPPSRC\SortingSearching\Debug\rc.write.1.tlog
C:\USERS\KG\GIT\CPPSRC\SORTINGSEARCHING\DEBUG\SORTINGSEARCHING.EXE.EMBED.MANIFEST
C:\USERS\KG\GIT\CPPSRC\SORTINGSEARCHING\DEBUG\SORTINGSEARCHING.EXE.EMBED.MANIFEST.RES
C:\USERS\KG\GIT\CPPSRC\SORTINGSEARCHING\DEBUG\SORTINGSEARCHING.EXE.INTERMEDIATE.MANIFEST
C:\Users\kg\git\CPPSRC\SortingSearching\Debug\SortingSearching.vcxprojResolveAssemblyReference.cache
C:\Users\kg\git\CPPSRC\SortingSearching\Debug\SortingSearching.write.1.tlog
C:\Users\kg\git\CPPSRC\SortingSearching\Debug\SortingSearching_manifest.rc
C:\USERS\KG\GIT\CPPSRC\SORTINGSEARCHING\DEBUG\SUMINTS.OBJ
C:\Users\kg\git\CPPSRC\SortingSearching\Debug\vc100.idb
C:\USERS\KG\GIT\CPPSRC\SORTINGSEARCHING\DEBUG\VC100.PDB
