C:\USERS\KG\GIT\CPPSRC\ALLSOLUTIONS\DEBUG\CALC2.EXE
C:\USERS\KG\GIT\CPPSRC\ALLSOLUTIONS\DEBUG\CALC2.ILK
C:\USERS\KG\GIT\CPPSRC\ALLSOLUTIONS\DEBUG\CALC2.PDB
C:\USERS\KG\GIT\CPPSRC\CALC2\DEBUG\CALC2.EXE.EMBED.MANIFEST
C:\USERS\KG\GIT\CPPSRC\CALC2\DEBUG\CALC2.EXE.EMBED.MANIFEST.RES
C:\USERS\KG\GIT\CPPSRC\CALC2\DEBUG\CALC2.EXE.INTERMEDIATE.MANIFEST
C:\Users\kg\git\CPPSRC\calc2\Debug\calc2.vcxprojResolveAssemblyReference.cache
C:\Users\kg\git\CPPSRC\calc2\Debug\calc2.write.1.tlog
C:\Users\kg\git\CPPSRC\calc2\Debug\calc2_manifest.rc
C:\Users\kg\git\CPPSRC\calc2\Debug\cl.command.1.tlog
C:\Users\kg\git\CPPSRC\calc2\Debug\CL.read.1.tlog
C:\Users\kg\git\CPPSRC\calc2\Debug\CL.write.1.tlog
C:\Users\kg\git\CPPSRC\calc2\Debug\link.4820.read.1.tlog
C:\Users\kg\git\CPPSRC\calc2\Debug\link.4820.write.1.tlog
C:\Users\kg\git\CPPSRC\calc2\Debug\link.4820-cvtres.read.1.tlog
C:\Users\kg\git\CPPSRC\calc2\Debug\link.4820-cvtres.write.1.tlog
C:\Users\kg\git\CPPSRC\calc2\Debug\link.command.1.tlog
C:\Users\kg\git\CPPSRC\calc2\Debug\link.read.1.tlog
C:\Users\kg\git\CPPSRC\calc2\Debug\link.write.1.tlog
C:\Users\kg\git\CPPSRC\calc2\Debug\link-cvtres.read.1.tlog
C:\Users\kg\git\CPPSRC\calc2\Debug\link-cvtres.write.1.tlog
C:\Users\kg\git\CPPSRC\calc2\Debug\mt.command.1.tlog
C:\Users\kg\git\CPPSRC\calc2\Debug\mt.read.1.tlog
C:\Users\kg\git\CPPSRC\calc2\Debug\mt.write.1.tlog
C:\USERS\KG\GIT\CPPSRC\CALC2\DEBUG\PARSE.OBJ
C:\Users\kg\git\CPPSRC\calc2\Debug\rc.command.1.tlog
C:\Users\kg\git\CPPSRC\calc2\Debug\rc.read.1.tlog
C:\Users\kg\git\CPPSRC\calc2\Debug\rc.write.1.tlog
C:\USERS\KG\GIT\CPPSRC\CALC2\DEBUG\SCAN.OBJ
C:\USERS\KG\GIT\CPPSRC\CALC2\DEBUG\STORE.OBJ
C:\USERS\KG\GIT\CPPSRC\CALC2\DEBUG\SYMTAB.OBJ
C:\USERS\KG\GIT\CPPSRC\CALC2\DEBUG\TREE.OBJ
C:\Users\kg\git\CPPSRC\calc2\Debug\vc100.idb
C:\USERS\KG\GIT\CPPSRC\CALC2\DEBUG\VC100.PDB
