C:\USERS\KG\GIT\CPPSRC\ALLSOLUTIONS\DEBUG\LEETCODE.EXE
C:\USERS\KG\GIT\CPPSRC\ALLSOLUTIONS\DEBUG\LEETCODE.ILK
C:\USERS\KG\GIT\CPPSRC\ALLSOLUTIONS\DEBUG\LEETCODE.PDB
C:\Users\kg\git\CPPSRC\leetcode\Debug\cl.command.1.tlog
C:\Users\kg\git\CPPSRC\leetcode\Debug\CL.read.1.tlog
C:\Users\kg\git\CPPSRC\leetcode\Debug\CL.write.1.tlog
C:\USERS\KG\GIT\CPPSRC\LEETCODE\DEBUG\LEETCODE.EXE.EMBED.MANIFEST
C:\USERS\KG\GIT\CPPSRC\LEETCODE\DEBUG\LEETCODE.EXE.EMBED.MANIFEST.RES
C:\USERS\KG\GIT\CPPSRC\LEETCODE\DEBUG\LEETCODE.EXE.INTERMEDIATE.MANIFEST
C:\Users\kg\git\CPPSRC\leetcode\Debug\leetcode.write.1.tlog
C:\Users\kg\git\CPPSRC\leetcode\Debug\leetcode_manifest.rc
C:\Users\kg\git\CPPSRC\leetcode\Debug\link.8992.read.1.tlog
C:\Users\kg\git\CPPSRC\leetcode\Debug\link.8992.write.1.tlog
C:\Users\kg\git\CPPSRC\leetcode\Debug\link.8992-cvtres.read.1.tlog
C:\Users\kg\git\CPPSRC\leetcode\Debug\link.8992-cvtres.write.1.tlog
C:\Users\kg\git\CPPSRC\leetcode\Debug\link.command.1.tlog
C:\Users\kg\git\CPPSRC\leetcode\Debug\link.read.1.tlog
C:\Users\kg\git\CPPSRC\leetcode\Debug\link.write.1.tlog
C:\Users\kg\git\CPPSRC\leetcode\Debug\link-cvtres.read.1.tlog
C:\Users\kg\git\CPPSRC\leetcode\Debug\link-cvtres.write.1.tlog
C:\Users\kg\git\CPPSRC\leetcode\Debug\mt.command.1.tlog
C:\Users\kg\git\CPPSRC\leetcode\Debug\mt.read.1.tlog
C:\Users\kg\git\CPPSRC\leetcode\Debug\mt.write.1.tlog
C:\Users\kg\git\CPPSRC\leetcode\Debug\rc.command.1.tlog
C:\Users\kg\git\CPPSRC\leetcode\Debug\rc.read.1.tlog
C:\Users\kg\git\CPPSRC\leetcode\Debug\rc.write.1.tlog
C:\USERS\KG\GIT\CPPSRC\LEETCODE\DEBUG\STRINGTESTS.OBJ
C:\Users\kg\git\CPPSRC\leetcode\Debug\vc100.idb
C:\USERS\KG\GIT\CPPSRC\LEETCODE\DEBUG\VC100.PDB
